<?xml version="1.0" encoding="UTF-8"?>
<!-- Generated by org.testng.reporters.JUnitXMLReporter -->
<testsuite ignored="0" hostname="LAPTOP-8TP6OQIJ" failures="0" tests="3" name="Test" time="43.007" errors="0" timestamp="2023-09-08T08:59:58 IST">
  <testcase classname="TestCases.loginTestCases" name="verifyInvalidValidLogin" time="2.232"/>
  <testcase classname="TestCases.loginTestCases" name="verifyValidLogin" time="2.19"/>
  <testcase classname="TestCases.myInfoTestCases" name="fillPersonalDetails" time="15.011"/>
</testsuite> <!-- Test -->
