<?xml version="1.0" encoding="UTF-8"?>
<testng-results ignored="0" total="2" passed="2" failed="0" skipped="0">
  <reporter-output>
  </reporter-output>
  <suite started-at="2023-09-11T08:52:47 IST" name="Default suite" finished-at="2023-09-11T08:53:09 IST" duration-ms="21567">
    <groups>
    </groups>
    <test started-at="2023-09-11T08:52:47 IST" name="Default test" finished-at="2023-09-11T08:53:09 IST" duration-ms="21567">
      <class name="TestCases.loginTestCases">
        <test-method is-config="true" signature="urlLaunch()[pri:0, instance:TestCases.loginTestCases@6cd28fa7]" started-at="2023-09-11T08:52:47 IST" name="urlLaunch" finished-at="2023-09-11T08:52:53 IST" duration-ms="5363" status="PASS">
          <reporter-output>
          </reporter-output>
        </test-method> <!-- urlLaunch -->
        <test-method signature="verifyValidLogin()[pri:0, instance:TestCases.loginTestCases@6cd28fa7]" started-at="2023-09-11T08:52:53 IST" name="verifyValidLogin" finished-at="2023-09-11T08:52:56 IST" duration-ms="3515" status="PASS">
          <reporter-output>
          </reporter-output>
        </test-method> <!-- verifyValidLogin -->
        <test-method is-config="true" signature="quitBRowser()[pri:0, instance:TestCases.loginTestCases@6cd28fa7]" started-at="2023-09-11T08:52:56 IST" name="quitBRowser" finished-at="2023-09-11T08:52:57 IST" duration-ms="692" status="PASS">
          <reporter-output>
          </reporter-output>
        </test-method> <!-- quitBRowser -->
        <test-method is-config="true" signature="urlLaunch()[pri:0, instance:TestCases.loginTestCases@6cd28fa7]" started-at="2023-09-11T08:52:57 IST" name="urlLaunch" finished-at="2023-09-11T08:53:01 IST" duration-ms="4078" status="PASS">
          <reporter-output>
          </reporter-output>
        </test-method> <!-- urlLaunch -->
        <test-method signature="verifyInvalidValidLogin()[pri:1, instance:TestCases.loginTestCases@6cd28fa7]" started-at="2023-09-11T08:53:01 IST" name="verifyInvalidValidLogin" finished-at="2023-09-11T08:53:08 IST" duration-ms="7214" status="PASS">
          <reporter-output>
          </reporter-output>
        </test-method> <!-- verifyInvalidValidLogin -->
        <test-method is-config="true" signature="quitBRowser()[pri:0, instance:TestCases.loginTestCases@6cd28fa7]" started-at="2023-09-11T08:53:08 IST" name="quitBRowser" finished-at="2023-09-11T08:53:09 IST" duration-ms="670" status="PASS">
          <reporter-output>
          </reporter-output>
        </test-method> <!-- quitBRowser -->
      </class> <!-- TestCases.loginTestCases -->
    </test> <!-- Default test -->
  </suite> <!-- Default suite -->
</testng-results>
